#
# There is insufficient memory for the Java Runtime Environment to continue.
# Native memory allocation (malloc) failed to allocate 1048576 bytes for AllocateHeap
# Possible reasons:
#   The system is out of physical RAM or swap space
#   The process is running with CompressedOops enabled, and the Java Heap may be blocking the growth of the native heap
# Possible solutions:
#   Reduce memory load on the system
#   Increase physical memory or swap space
#   Check if swap backing store is full
#   Decrease Java heap size (-Xmx/-Xms)
#   Decrease number of Java threads
#   Decrease Java thread stack sizes (-Xss)
#   Set larger code cache with -XX:ReservedCodeCacheSize=
#   JVM is running with Unscaled Compressed Oops mode in which the Java heap is
#     placed in the first 4GB address space. The Java Heap base address is the
#     maximum limit for the native heap growth. Please use -XX:HeapBaseMinAddress
#     to set the Java Heap base and to place the Java Heap above 4GB virtual address.
# This output file may be truncated or incomplete.
#
#  Out of Memory Error (memory/allocation.inline.hpp:61), pid=7660, tid=0x00000000000026b8
#
# JRE version:  (8.0_251-b08) (build )
# Java VM: Java HotSpot(TM) 64-Bit Server VM (25.251-b08 mixed mode windows-amd64 compressed oops)
# Failed to write core dump. Minidumps are not enabled by default on client versions of Windows
#

---------------  T H R E A D  ---------------

Current thread (0x0000000003222800):  JavaThread "Unknown thread" [_thread_in_vm, id=9912, stack(0x0000000003090000,0x0000000003190000)]

Stack: [0x0000000003090000,0x0000000003190000]
[error occurred during error reporting (printing stack bounds), id 0xc0000005]

Native frames: (J=compiled Java code, j=interpreted, Vv=VM code, C=native code)


---------------  P R O C E S S  ---------------

Java Threads: ( => current thread )

Other Threads:

=>0x0000000003222800 (exited) JavaThread "Unknown thread" [_thread_in_vm, id=9912, stack(0x0000000003090000,0x0000000003190000)]

VM state:not at safepoint (normal execution)

VM Mutex/Monitor currently owned by a thread: None

heap address: 0x0000000080a00000, size: 2038 MB, Compressed Oops mode: 32-bit
Narrow klass base: 0x0000000000000000, Narrow klass shift: 3
Compressed class space size: 1073741824 Address: 0x0000000100000000

Heap:
 PSYoungGen      total 38400K, used 665K [0x00000000d5900000, 0x00000000d8380000, 0x0000000100000000)
  eden space 33280K, 2% used [0x00000000d5900000,0x00000000d59a6670,0x00000000d7980000)
  from space 5120K, 0% used [0x00000000d7e80000,0x00000000d7e80000,0x00000000d8380000)
  to   space 5120K, 0% used [0x00000000d7980000,0x00000000d7980000,0x00000000d7e80000)
 ParOldGen       total 87552K, used 0K [0x0000000080a00000, 0x0000000085f80000, 0x00000000d5900000)
  object space 87552K, 0% used [0x0000000080a00000,0x0000000080a00000,0x0000000085f80000)
 Metaspace       used 754K, capacity 1092K, committed 1152K, reserved 1060864K
  class space    used 76K, capacity 384K, committed 384K, reserved 1048576K

Card table byte_map: [0x00000000126e0000,0x0000000012ae0000] byte_map_base: 0x00000000122db000

Marking Bits: (ParMarkBitMap*) 0x000000005925af90
 Begin Bits: [0x0000000013590000, 0x0000000015568000)
 End Bits:   [0x0000000015568000, 0x0000000017540000)

Polling page: 0x0000000001820000

CodeCache: size=245760Kb used=328Kb max_used=328Kb free=245431Kb
 bounds [0x0000000003320000, 0x0000000003590000, 0x0000000012320000]
 total_blobs=58 nmethods=0 adapters=38
 compilation: enabled

Compilation events (0 events):
No events

GC Heap History (0 events):
No events

Deoptimization events (0 events):
No events

Classes redefined (0 events):
No events

Internal exceptions (0 events):
No events

Events (10 events):
Event: 0.027 loading class java/lang/Short
Event: 0.028 loading class java/lang/Short done
Event: 0.028 loading class java/lang/Integer
Event: 0.028 loading class java/lang/Integer done
Event: 0.028 loading class java/lang/Long
Event: 0.028 loading class java/lang/Long done
Event: 0.028 loading class java/lang/NullPointerException
Event: 0.028 loading class java/lang/NullPointerException done
Event: 0.028 loading class java/lang/ArithmeticException
Event: 0.029 loading class java/lang/ArithmeticException done


Dynamic libraries:
0x00007ff724550000 - 0x00007ff724587000 	C:\Program Files\Java\jre1.8.0_251\bin\javaw.exe
0x00007fff62100000 - 0x00007fff622f0000 	C:\WINDOWS\SYSTEM32\ntdll.dll
0x00007fff601e0000 - 0x00007fff60292000 	C:\WINDOWS\System32\KERNEL32.DLL
0x00007fff5feb0000 - 0x00007fff60154000 	C:\WINDOWS\System32\KERNELBASE.dll
0x00007fff61f60000 - 0x00007fff62003000 	C:\WINDOWS\System32\ADVAPI32.dll
0x00007fff61e50000 - 0x00007fff61eee000 	C:\WINDOWS\System32\msvcrt.dll
0x00007fff602e0000 - 0x00007fff60377000 	C:\WINDOWS\System32\sechost.dll
0x00007fff60650000 - 0x00007fff60770000 	C:\WINDOWS\System32\RPCRT4.dll
0x00007fff60400000 - 0x00007fff60594000 	C:\WINDOWS\System32\USER32.dll
0x00007fff5f420000 - 0x00007fff5f441000 	C:\WINDOWS\System32\win32u.dll
0x00007fff60770000 - 0x00007fff60796000 	C:\WINDOWS\System32\GDI32.dll
0x00007fff5f1b0000 - 0x00007fff5f345000 	C:\WINDOWS\System32\gdi32full.dll
0x00007fff5fbd0000 - 0x00007fff5fc6e000 	C:\WINDOWS\System32\msvcp_win.dll
0x00007fff5fd50000 - 0x00007fff5fe4a000 	C:\WINDOWS\System32\ucrtbase.dll
0x00007fff52160000 - 0x00007fff523e4000 	C:\WINDOWS\WinSxS\amd64_microsoft.windows.common-controls_6595b64144ccf1df_6.0.18362.900_none_e6beb9d913147d17\COMCTL32.dll
0x00007fff60960000 - 0x00007fff60c95000 	C:\WINDOWS\System32\combase.dll
0x00007fff5f350000 - 0x00007fff5f3d0000 	C:\WINDOWS\System32\bcryptPrimitives.dll
0x00007fff602a0000 - 0x00007fff602ce000 	C:\WINDOWS\System32\IMM32.DLL
0x00000000587e0000 - 0x00000000588b2000 	C:\Program Files\Java\jre1.8.0_251\bin\msvcr100.dll
0x0000000058a30000 - 0x00000000592db000 	C:\Program Files\Java\jre1.8.0_251\bin\server\jvm.dll
0x00007fff60ca0000 - 0x00007fff60ca8000 	C:\WINDOWS\System32\PSAPI.DLL
0x00007fff5cfc0000 - 0x00007fff5cfe4000 	C:\WINDOWS\SYSTEM32\WINMM.dll
0x00007fff59060000 - 0x00007fff5906a000 	C:\WINDOWS\SYSTEM32\VERSION.dll
0x00007fff51150000 - 0x00007fff51159000 	C:\WINDOWS\SYSTEM32\WSOCK32.dll
0x00007fff60cd0000 - 0x00007fff60d3f000 	C:\WINDOWS\System32\WS2_32.dll
0x00007fff5cf90000 - 0x00007fff5cfbd000 	C:\WINDOWS\SYSTEM32\WINMMBASE.dll
0x00007fff5f3d0000 - 0x00007fff5f41a000 	C:\WINDOWS\System32\cfgmgr32.dll
0x00007fff43430000 - 0x00007fff4343f000 	C:\Program Files\Java\jre1.8.0_251\bin\verify.dll
0x00007fff10540000 - 0x00007fff10569000 	C:\Program Files\Java\jre1.8.0_251\bin\java.dll
0x00007fff10520000 - 0x00007fff10536000 	C:\Program Files\Java\jre1.8.0_251\bin\zip.dll

VM Arguments:
jvm_args: -Dfile.encoding=UTF-8 
java_command: view.QLNV
java_class_path (initial): D:\Java\Code\ConnectDB\bin;D:\Study\mysql-connector-java-5.1.42-bin\mysql-connector-java-5.1.42-bin.jar
Launcher Type: SUN_STANDARD

Environment Variables:
JAVA_HOME=C:\DevPrograms\Java\jdk-12.0.2
PATH=C:/Program Files/Java/jre1.8.0_251/bin/server;C:/Program Files/Java/jre1.8.0_251/bin;C:/Program Files/Java/jre1.8.0_251/lib/amd64;C:\Program Files (x86)\ImageMagick-6.7.5-Q8;C:\Program Files (x86)\Common Files\Oracle\Java\javapath;C:\Program Files\Microsoft MPI\Bin\;"C:\DevPrograms\Java\jdk-12.0.2\bin;C:\Program Files (x86)\Common Files\Oracle\Java\javapath";C:\WINDOWS\system32;C:\WINDOWS;C:\WINDOWS\System32\Wbem;C:\WINDOWS\System32\WindowsPowerShell\v1.0\;C:\WINDOWS\System32\OpenSSH\;C:\Program Files\nodejs\;C:\Program Files\dotnet\;C:\Program Files\Java\jdk1.8.0_201\bin;C:\Users\PepperMint\AppData\Local\Programs\Microsoft VS Code\bin;C:\Users\PepperMint\AppData\Roaming\npm\node_modules\@angular\cli\bin;C:\Users\PepperMint\AppData\Roaming\npm;C:\Program Files\TortoiseGit\bin;C:\Program Files\Microsoft SQL Server\Client SDK\ODBC\170\Tools\Binn\;C:\Program Files (x86)\Microsoft SQL Server\150\Tools\Binn\;C:\Program Files\Microsoft SQL Server\150\Tools\Binn\;C:\Program Files\Microsoft SQL Server\150\DTS\Binn\;C:\Program Files (x86)\Microsoft SQL Server\150\DTS\Binn\;C:\Program Files\Git\cmd;C:\Program Files\Git\mingw64\bin;C:\Program Files\Git\usr\bin;C:\ProgramData\chocolatey\bin;C:\Users\PepperMint\AppData\Local\Programs\Python\Python38-32\Scripts\;C:\Users\PepperMint\AppData\Local\Programs\Python\Python38-32\;C:\Users\PepperMint\AppData\Roaming\npm;C:\Users\PepperMint\AppData\Local\Programs\Microsoft VS Code\bin;C:\Users\PepperMint\AppData\Local\GitHubDesktop\bin;C:\Users\PepperMint\AppData\Local\Microsoft\WindowsApps;;C:\Users\PepperMint\Desktop;
USERNAME=PepperMint
OS=Windows_NT
PROCESSOR_IDENTIFIER=Intel64 Family 6 Model 42 Stepping 7, GenuineIntel



---------------  S Y S T E M  ---------------

OS: Windows 10.0 , 64 bit Build 18362 (10.0.18362.900)

CPU:total 8 (initial active 8) (4 cores per cpu, 2 threads per core) family 6 model 42 stepping 7, cmov, cx8, fxsr, mmx, sse, sse2, sse3, ssse3, sse4.1, sse4.2, popcnt, avx, aes, clmul, ht, tsc, tscinvbit

Memory: 4k page, physical 8344504k(1962764k free), swap 8344504k(5948k free)

vm_info: Java HotSpot(TM) 64-Bit Server VM (25.251-b08) for windows-amd64 JRE (1.8.0_251-b08), built on Mar 12 2020 06:31:49 by "" with MS VC++ 10.0 (VS2010)

time: Tue Jul 07 13:34:18 2020
timezone: SE Asia Standard Time
elapsed time: 0 seconds (0d 0h 0m 0s)

